2025-02-08 17:07:13,465 - WARNING - discord.ext.commands.bot - Privileged message content intent is missing, commands may not work as expected.
2025-02-08 17:07:24,781 - INFO - discord.client - logging in using static token
2025-02-08 17:07:26,561 - INFO - discord.gateway - Shard ID None has connected to Gateway (Session ID: 263d4cba9b40197385b3beb4d5eb6569).
2025-02-08 17:07:26,561 - INFO - discord - Bot connected to Discord
2025-02-08 17:07:42,521 - ERROR - discord - Error handling interaction: 'Bot' object has no attribute 'process_interaction'
Traceback (most recent call last):
  File "C:\Users\xenyc\Desktop\Projects\DiscordTTCBOT\bot.py", line 62, in on_interaction
    await bot.process_interaction(interaction)
          ^^^^^^^^^^^^^^^^^^^^^^^
AttributeError: 'Bot' object has no attribute 'process_interaction'. Did you mean: 'on_interaction'?
2025-02-08 17:07:46,092 - ERROR - discord - Error handling interaction: 'Bot' object has no attribute 'process_interaction'
Traceback (most recent call last):
  File "C:\Users\xenyc\Desktop\Projects\DiscordTTCBOT\bot.py", line 62, in on_interaction
    await bot.process_interaction(interaction)
          ^^^^^^^^^^^^^^^^^^^^^^^
AttributeError: 'Bot' object has no attribute 'process_interaction'. Did you mean: 'on_interaction'?
2025-02-08 17:08:00,444 - ERROR - discord - Error handling interaction: 'Bot' object has no attribute 'process_interaction'
Traceback (most recent call last):
  File "C:\Users\xenyc\Desktop\Projects\DiscordTTCBOT\bot.py", line 62, in on_interaction
    await bot.process_interaction(interaction)
          ^^^^^^^^^^^^^^^^^^^^^^^
AttributeError: 'Bot' object has no attribute 'process_interaction'. Did you mean: 'on_interaction'?
2025-02-08 17:08:02,283 - ERROR - discord - Error handling interaction: 'Bot' object has no attribute 'process_interaction'
Traceback (most recent call last):
  File "C:\Users\xenyc\Desktop\Projects\DiscordTTCBOT\bot.py", line 62, in on_interaction
    await bot.process_interaction(interaction)
          ^^^^^^^^^^^^^^^^^^^^^^^
AttributeError: 'Bot' object has no attribute 'process_interaction'. Did you mean: 'on_interaction'?
2025-02-08 17:08:04,081 - ERROR - discord - Error handling interaction: 'Bot' object has no attribute 'process_interaction'
Traceback (most recent call last):
  File "C:\Users\xenyc\Desktop\Projects\DiscordTTCBOT\bot.py", line 62, in on_interaction
    await bot.process_interaction(interaction)
          ^^^^^^^^^^^^^^^^^^^^^^^
AttributeError: 'Bot' object has no attribute 'process_interaction'. Did you mean: 'on_interaction'?
2025-02-08 17:08:05,814 - ERROR - discord - Error handling interaction: 'Bot' object has no attribute 'process_interaction'
Traceback (most recent call last):
  File "C:\Users\xenyc\Desktop\Projects\DiscordTTCBOT\bot.py", line 62, in on_interaction
    await bot.process_interaction(interaction)
          ^^^^^^^^^^^^^^^^^^^^^^^
AttributeError: 'Bot' object has no attribute 'process_interaction'. Did you mean: 'on_interaction'?
2025-02-08 17:08:08,511 - ERROR - discord - Error handling interaction: 'Bot' object has no attribute 'process_interaction'
Traceback (most recent call last):
  File "C:\Users\xenyc\Desktop\Projects\DiscordTTCBOT\bot.py", line 62, in on_interaction
    await bot.process_interaction(interaction)
          ^^^^^^^^^^^^^^^^^^^^^^^
AttributeError: 'Bot' object has no attribute 'process_interaction'. Did you mean: 'on_interaction'?
2025-02-08 17:08:14,021 - ERROR - discord - Error handling interaction: 'Bot' object has no attribute 'process_interaction'
Traceback (most recent call last):
  File "C:\Users\xenyc\Desktop\Projects\DiscordTTCBOT\bot.py", line 62, in on_interaction
    await bot.process_interaction(interaction)
          ^^^^^^^^^^^^^^^^^^^^^^^
AttributeError: 'Bot' object has no attribute 'process_interaction'. Did you mean: 'on_interaction'?
2025-02-08 17:10:29,984 - INFO - discord - Bot shutdown requested
2025-02-08 17:10:36,099 - WARNING - discord.ext.commands.bot - Privileged message content intent is missing, commands may not work as expected.
2025-02-08 17:10:37,764 - INFO - discord.client - logging in using static token
2025-02-08 17:10:39,446 - INFO - discord.gateway - Shard ID None has connected to Gateway (Session ID: 16fcafe19eda48121b1e52c35d9faef9).
2025-02-08 17:10:39,446 - INFO - discord - Bot connected to Discord
2025-02-08 17:10:48,831 - ERROR - discord - Error handling interaction: 'Bot' object has no attribute 'process_interaction'
Traceback (most recent call last):
  File "C:\Users\xenyc\Desktop\Projects\DiscordTTCBOT\bot.py", line 62, in on_interaction
    except Exception as e:
              ^^^^^^^^^^^^^
AttributeError: 'Bot' object has no attribute 'process_interaction'. Did you mean: 'on_interaction'?
2025-02-08 17:10:51,271 - ERROR - discord - Error handling interaction: 'Bot' object has no attribute 'process_interaction'
Traceback (most recent call last):
  File "C:\Users\xenyc\Desktop\Projects\DiscordTTCBOT\bot.py", line 62, in on_interaction
    except Exception as e:
              ^^^^^^^^^^^^^
AttributeError: 'Bot' object has no attribute 'process_interaction'. Did you mean: 'on_interaction'?
2025-02-08 17:10:56,541 - ERROR - discord - Error handling interaction: 'Bot' object has no attribute 'process_interaction'
Traceback (most recent call last):
  File "C:\Users\xenyc\Desktop\Projects\DiscordTTCBOT\bot.py", line 62, in on_interaction
    except Exception as e:
              ^^^^^^^^^^^^^
AttributeError: 'Bot' object has no attribute 'process_interaction'. Did you mean: 'on_interaction'?
2025-02-08 17:11:19,479 - INFO - discord - Bot shutdown requested
2025-02-08 17:11:42,781 - WARNING - discord.ext.commands.bot - Privileged message content intent is missing, commands may not work as expected.
2025-02-08 17:11:43,311 - INFO - discord.client - logging in using static token
2025-02-08 17:11:44,512 - INFO - discord.gateway - Shard ID None has connected to Gateway (Session ID: d7ecc977e3c6efbbf1285cf97da901a5).
2025-02-08 17:11:44,527 - INFO - discord - Bot connected to Discord
2025-02-08 17:19:12,767 - INFO - discord - Bot shutdown requested
2025-02-08 17:19:22,281 - WARNING - discord.ext.commands.bot - Privileged message content intent is missing, commands may not work as expected.
2025-02-08 17:19:23,734 - INFO - discord.client - logging in using static token
2025-02-08 17:19:25,171 - INFO - discord.gateway - Shard ID None has connected to Gateway (Session ID: 6b769a9f04d2dc478f93b964f87b4414).
2025-02-08 17:19:25,171 - INFO - discord - Bot connected to Discord
2025-02-08 17:22:51,580 - INFO - discord - Bot shutdown requested
2025-02-08 17:23:06,971 - WARNING - discord.ext.commands.bot - Privileged message content intent is missing, commands may not work as expected.
2025-02-08 17:23:09,892 - INFO - discord.client - logging in using static token
2025-02-08 17:23:11,434 - INFO - discord.gateway - Shard ID None has connected to Gateway (Session ID: 26736dfb7db7e1a76880d9c744981523).
2025-02-08 17:23:11,434 - INFO - discord - Bot connected to Discord
2025-02-08 17:24:06,471 - INFO - discord - Bot shutdown requested
2025-02-08 17:24:18,711 - WARNING - discord.ext.commands.bot - Privileged message content intent is missing, commands may not work as expected.
2025-02-08 17:24:20,011 - INFO - discord.client - logging in using static token
2025-02-08 17:24:21,234 - INFO - discord.gateway - Shard ID None has connected to Gateway (Session ID: 63f13f608d64e1c409e23afe8dba67d2).
2025-02-08 17:24:21,245 - INFO - discord - Bot connected to Discord
2025-02-08 17:32:50,528 - INFO - discord - Bot shutdown requested
